<?xml version="1.0" encoding="UTF-8"?>
<testng-results skipped="0" failed="0" ignored="0" total="1" passed="1">
  <reporter-output>
  </reporter-output>
  <suite name="regression" duration-ms="7045" started-at="2022-03-28T01:33:40 EDT" finished-at="2022-03-28T01:33:47 EDT">
    <groups>
    </groups>
    <test name="Logintest" duration-ms="7045" started-at="2022-03-28T01:33:40 EDT" finished-at="2022-03-28T01:33:47 EDT">
      <class name="test.Addcustomertest">
        <test-method status="PASS" signature="validusershouldbeabletocreatecustomer(java.lang.String,java.lang.String,java.lang.String,java.lang.String,java.lang.String,java.lang.String,java.lang.String,java.lang.String,java.lang.String,java.lang.String,java.lang.String)[pri:0, instance:test.Addcustomertest@2781e022]" name="validusershouldbeabletocreatecustomer" duration-ms="7017" started-at="2022-03-28T01:33:40 EDT" finished-at="2022-03-28T01:33:47 EDT">
          <params>
            <param index="0">
              <value>
                <![CDATA[demo@techfios.com]]>
              </value>
            </param>
            <param index="1">
              <value>
                <![CDATA[abc123]]>
              </value>
            </param>
            <param index="2">
              <value>
                <![CDATA[excelproj]]>
              </value>
            </param>
            <param index="3">
              <value>
                <![CDATA[Techfios]]>
              </value>
            </param>
            <param index="4">
              <value>
                <![CDATA[msexcel@gmail.com]]>
              </value>
            </param>
            <param index="5">
              <value>
                <![CDATA[25252525]]>
              </value>
            </param>
            <param index="6">
              <value>
                <![CDATA[Techfiosbuilding]]>
              </value>
            </param>
            <param index="7">
              <value>
                <![CDATA[richmond]]>
              </value>
            </param>
            <param index="8">
              <value>
                <![CDATA[richmond]]>
              </value>
            </param>
            <param index="9">
              <value>
                <![CDATA[23233]]>
              </value>
            </param>
            <param index="10">
              <value>
                <![CDATA[United States]]>
              </value>
            </param>
          </params>
          <reporter-output>
          </reporter-output>
        </test-method> <!-- validusershouldbeabletocreatecustomer -->
      </class> <!-- test.Addcustomertest -->
    </test> <!-- Logintest -->
  </suite> <!-- regression -->
</testng-results>
